<?xml version="1.0" encoding="UTF-8" standalone="no"?>
<testsuite failures="0" name="cucumber.runtime.formatter.JUnitFormatter" skipped="0" tests="2" time="0.190058">
<testcase classname="Carambolage PP" name="Déclaration" time="0.189597">
<system-out><![CDATA[Etant donné que je déclare un sinistre dont les caractéristiques sont les suivantes:.passed
Quand la déclaration est terminée...........................................passed
Alors le sinistre est routé de la manière suivante:.........................passed
Et les activités doivent être routées de la manière suivante:...............passed
]]></system-out>
</testcase>
<testcase classname="Routage d'un sinistre Incendie PP" name="Déclaration" time="0.000461">
<system-out><![CDATA[Etant donné que je déclare un sinistre dont les caractéristiques sont les suivantes:.passed
Quand la déclaration est terminée...........................................passed
Alors le sinistre est routé de la manière suivante:.........................passed
Et les activités doivent être routées de la manière suivante:...............passed
]]></system-out>
</testcase>
</testsuite>
